2011-10-04T01:01:37+00:00 DEBUG (7): [Zend] scarlettaldana@hotmail.com <- email@domain.com
2011-10-04T01:01:37+00:00 DEBUG (7): [System] (invite) scarlettaldana@hotmail.com <- email@domain.com
2011-10-04T01:53:55+00:00 DEBUG (7): [Zend] mariagaldana@gmail.com <- email@domain.com
2011-10-04T01:53:55+00:00 DEBUG (7): [System] (invite) mariagaldana@gmail.com <- email@domain.com
2011-10-04T01:53:55+00:00 DEBUG (7): [Zend] janis.ross2008@gmail.com <- email@domain.com
2011-10-04T01:53:55+00:00 DEBUG (7): [System] (invite) janis.ross2008@gmail.com <- email@domain.com
2011-10-04T03:08:31+00:00 DEBUG (7): [Zend] waldana@gmail.com <- email@domain.com
2011-10-04T03:08:31+00:00 DEBUG (7): [System] (invite) waldana@gmail.com <- email@domain.com
2011-10-04T03:11:22+00:00 DEBUG (7): [Zend] arguelloj@gmail.com <- email@domain.com
2011-10-04T03:11:22+00:00 DEBUG (7): [System] (invite) arguelloj@gmail.com <- email@domain.com
2011-10-04T03:52:36+00:00 DEBUG (7): [Zend] waldana@gmail.com <- email@domain.com
2011-10-04T03:52:36+00:00 DEBUG (7): [System] (notify_friend_request) waldana@gmail.com <- email@domain.com
2011-10-04T03:54:06+00:00 DEBUG (7): [Zend] salsabor_01@yahoo.com <- email@domain.com
2011-10-04T03:54:06+00:00 DEBUG (7): [System] (notify_friend_accepted) salsabor_01@yahoo.com <- email@domain.com
2011-10-04T04:14:01+00:00 DEBUG (7): [Zend] waldana@gmail.com <- email@domain.com
2011-10-04T04:14:01+00:00 DEBUG (7): [System] (notify_liked) waldana@gmail.com <- email@domain.com
2011-10-04T04:22:19+00:00 DEBUG (7): [Zend] karaziejuteagne@yahoo.com <- email@domain.com
2011-10-04T04:22:19+00:00 DEBUG (7): [System] (notify_liked) karaziejuteagne@yahoo.com <- email@domain.com
2011-10-04T04:22:19+00:00 DEBUG (7): [Zend] karaziejuteagne@yahoo.com <- email@domain.com
2011-10-04T04:22:19+00:00 DEBUG (7): [System] (notify_commented) karaziejuteagne@yahoo.com <- email@domain.com
2011-10-04T05:48:31+00:00 DEBUG (7): [Zend] salsabor_01@yahoo.com <- email@domain.com
2011-10-04T05:48:31+00:00 DEBUG (7): [System] (core_contact) salsabor_01@yahoo.com <- email@domain.com
2011-10-04T23:26:37+00:00 DEBUG (7): [Zend] salsabor_01@yahoo.com <- email@domain.com
2011-10-04T23:26:37+00:00 DEBUG (7): [System] (notify_friend_request) salsabor_01@yahoo.com <- email@domain.com
2011-10-04T23:27:44+00:00 DEBUG (7): [Zend] waldana@gmail.com <- email@domain.com
2011-10-04T23:27:44+00:00 DEBUG (7): [System] (notify_friend_request) waldana@gmail.com <- email@domain.com
2011-10-04T23:27:44+00:00 DEBUG (7): [Zend] elticochico@yahoo.com <- email@domain.com
2011-10-04T23:27:44+00:00 DEBUG (7): [System] (notify_friend_accepted) elticochico@yahoo.com <- email@domain.com
2011-10-05T04:08:44+00:00 DEBUG (7): [Zend] elticochico@yahoo.com <- email@domain.com
2011-10-05T04:08:44+00:00 DEBUG (7): [System] (notify_message_new) elticochico@yahoo.com <- email@domain.com
2011-10-05T04:09:58+00:00 DEBUG (7): [Zend] salsabor_01@yahoo.com <- email@domain.com
2011-10-05T04:09:58+00:00 DEBUG (7): [System] (notify_message_new) salsabor_01@yahoo.com <- email@domain.com
2011-10-05T05:38:37+00:00 DEBUG (7): [Zend] janisross.c@gmail.com <- email@domain.com
2011-10-05T05:38:37+00:00 DEBUG (7): [System] (notify_liked) janisross.c@gmail.com <- email@domain.com
2011-10-05T08:05:08+00:00 DEBUG (7): [Zend] elticochico@yahoo.com <- email@domain.com
2011-10-05T08:05:09+00:00 DEBUG (7): [System] (notify_commented) elticochico@yahoo.com <- email@domain.com
2011-10-10T22:37:38+00:00 DEBUG (7): [Zend] salsabor_01@yahoo.com <- email@domain.com
2011-10-10T22:37:38+00:00 DEBUG (7): [System] (core_contact) salsabor_01@yahoo.com <- email@domain.com
2011-10-10T23:29:55+00:00 DEBUG (7): [Zend] waldana@gmail.com <- email@domain.com
2011-10-10T23:29:55+00:00 DEBUG (7): [System] (notify_friend_accepted) waldana@gmail.com <- email@domain.com
2011-10-11T00:47:10+00:00 DEBUG (7): [Zend] elticochico@yahoo.com <- email@domain.com
2011-10-11T00:47:11+00:00 DEBUG (7): [System] (notify_liked) elticochico@yahoo.com <- email@domain.com
2011-10-11T01:00:15+00:00 DEBUG (7): [Zend] carlos.aldana@gmail.com <- email@domain.com
2011-10-11T01:00:15+00:00 DEBUG (7): [System] (core_verification) carlos.aldana@gmail.com <- email@domain.com
2011-10-11T01:14:56+00:00 DEBUG (7): [Zend] salsabor_01@yahoo.com <- noreply@fashbay.com
2011-10-11T01:14:56+00:00 DEBUG (7): [System] (notify_post_user) salsabor_01@yahoo.com <- noreply@fashbay.com
2011-10-11T01:27:32+00:00 DEBUG (7): [Zend] carlos.aldana@gmail.com <- noreply@fashbay.com
2011-10-11T01:27:32+00:00 DEBUG (7): [System] (core_verification) carlos.aldana@gmail.com <- noreply@fashbay.com
2011-10-22T18:05:03+00:00 DEBUG (7): [Zend] salsabor_01@yahoo.com <- noreply@fashbay.com
2011-10-22T18:05:03+00:00 DEBUG (7): [System] (core_contact) salsabor_01@yahoo.com <- noreply@fashbay.com
2011-10-27T05:09:32+00:00 DEBUG (7): [Zend] elticochico@yahoo.com <- noreply@fashbay.com
2011-10-27T05:09:32+00:00 DEBUG (7): [System] (notify_message_new) elticochico@yahoo.com <- noreply@fashbay.com
2011-10-27T05:22:40+00:00 DEBUG (7): [Zend] salsabor_01@yahoo.com <- noreply@fashbay.com
2011-10-27T05:22:40+00:00 DEBUG (7): [System] (notify_message_new) salsabor_01@yahoo.com <- noreply@fashbay.com
2011-10-28T04:19:48+00:00 DEBUG (7): [Zend] elticochico@yahoo.com <- noreply@fashbay.com
2011-10-28T04:19:49+00:00 DEBUG (7): [System] (notify_message_new) elticochico@yahoo.com <- noreply@fashbay.com
2011-10-28T11:13:03+00:00 DEBUG (7): [Zend] salsabor_01@yahoo.com <- noreply@fashbay.com
2011-10-28T11:13:03+00:00 DEBUG (7): [System] (notify_message_new) salsabor_01@yahoo.com <- noreply@fashbay.com
2011-10-29T06:24:18+00:00 DEBUG (7): [Zend] salsabor_01@yahoo.com <- noreply@fashbay.com
2011-10-29T06:24:18+00:00 DEBUG (7): [System] (notify_liked) salsabor_01@yahoo.com <- noreply@fashbay.com
2011-11-01T17:25:06+00:00 DEBUG (7): [Zend] elticochico@yahoo.com <- noreply@fashbay.com
2011-11-01T17:25:06+00:00 DEBUG (7): [System] (notify_message_new) elticochico@yahoo.com <- noreply@fashbay.com
2011-11-01T18:02:19+00:00 DEBUG (7): [Zend] arguelloj@gmail.com <- noreply@fashbay.com
2011-11-01T18:02:19+00:00 DEBUG (7): [System] (notify_marketplace_transaction_to_owner) arguelloj@gmail.com <- noreply@fashbay.com
2011-11-01T18:02:20+00:00 DEBUG (7): [Zend] salsabor_01@yahoo.com <- noreply@fashbay.com
2011-11-01T18:02:20+00:00 DEBUG (7): [System] (notify_marketplace_transaction_to_buyer) salsabor_01@yahoo.com <- noreply@fashbay.com
2011-11-01T21:46:51+00:00 DEBUG (7): [Zend] salsabor_01@yahoo.com <- noreply@fashbay.com
2011-11-01T21:46:51+00:00 DEBUG (7): [System] (notify_message_new) salsabor_01@yahoo.com <- noreply@fashbay.com
2011-11-04T05:50:04+00:00 DEBUG (7): [Zend] arguelloj@gmail.com <- noreply@fashbay.com
2011-11-04T05:50:04+00:00 DEBUG (7): [System] (notify_commented) arguelloj@gmail.com <- noreply@fashbay.com
2011-11-04T05:51:21+00:00 DEBUG (7): [Zend] waldana@gmail.com <- noreply@fashbay.com
2011-11-04T05:51:21+00:00 DEBUG (7): [System] (notify_commented) waldana@gmail.com <- noreply@fashbay.com
2011-11-04T05:51:22+00:00 DEBUG (7): [Zend] waldana@gmail.com <- noreply@fashbay.com
2011-11-04T05:51:22+00:00 DEBUG (7): [System] (notify_liked) waldana@gmail.com <- noreply@fashbay.com
2011-11-04T05:54:32+00:00 DEBUG (7): [Zend] salsabor_01@yahoo.com <- noreply@fashbay.com
2011-11-04T05:54:32+00:00 DEBUG (7): [System] (notify_commented_commented) salsabor_01@yahoo.com <- noreply@fashbay.com
2011-11-04T06:02:43+00:00 DEBUG (7): [Zend] salsabor_01@yahoo.com <- noreply@fashbay.com
2011-11-04T06:02:43+00:00 DEBUG (7): [System] (notify_liked) salsabor_01@yahoo.com <- noreply@fashbay.com
2011-11-04T06:02:43+00:00 DEBUG (7): [Zend] arguelloj@gmail.com <- noreply@fashbay.com
2011-11-04T06:02:43+00:00 DEBUG (7): [System] (notify_marketplace_transaction_to_owner) arguelloj@gmail.com <- noreply@fashbay.com
2011-11-04T06:02:43+00:00 DEBUG (7): [Zend] arguelloj@gmail.com <- noreply@fashbay.com
2011-11-04T06:02:43+00:00 DEBUG (7): [System] (notify_marketplace_transaction_to_owner) arguelloj@gmail.com <- noreply@fashbay.com
2011-11-04T06:02:43+00:00 DEBUG (7): [Zend] elticochico@yahoo.com <- noreply@fashbay.com
2011-11-04T06:02:43+00:00 DEBUG (7): [System] (notify_marketplace_transaction_to_buyer) elticochico@yahoo.com <- noreply@fashbay.com
2011-11-04T06:02:44+00:00 DEBUG (7): [Zend] salsabor_01@yahoo.com <- noreply@fashbay.com
2011-11-04T06:02:44+00:00 DEBUG (7): [System] (notify_marketplace_transaction_to_buyer) salsabor_01@yahoo.com <- noreply@fashbay.com
2011-11-04T06:24:35+00:00 DEBUG (7): [Zend] janisross.c@gmail.com <- noreply@fashbay.com
2011-11-04T06:24:35+00:00 DEBUG (7): [System] (notify_commented) janisross.c@gmail.com <- noreply@fashbay.com
2011-11-04T06:24:35+00:00 DEBUG (7): [Zend] waldana@gmail.com <- noreply@fashbay.com
2011-11-04T06:24:35+00:00 DEBUG (7): [System] (notify_liked_commented) waldana@gmail.com <- noreply@fashbay.com
2011-11-04T06:25:36+00:00 DEBUG (7): [Zend] waldana@gmail.com <- noreply@fashbay.com
2011-11-04T06:25:36+00:00 DEBUG (7): [System] (notify_liked) waldana@gmail.com <- noreply@fashbay.com
2011-11-04T06:26:55+00:00 DEBUG (7): [Zend] waldana@gmail.com <- noreply@fashbay.com
2011-11-04T06:26:55+00:00 DEBUG (7): [System] (notify_commented) waldana@gmail.com <- noreply@fashbay.com
2011-11-04T06:35:27+00:00 DEBUG (7): [Zend] salsabor_01@yahoo.com <- noreply@fashbay.com
2011-11-04T06:35:27+00:00 DEBUG (7): [System] (notify_liked) salsabor_01@yahoo.com <- noreply@fashbay.com
2011-11-04T06:40:43+00:00 DEBUG (7): [Zend] waldana@gmail.com <- noreply@fashbay.com
2011-11-04T06:40:43+00:00 DEBUG (7): [System] (notify_commented) waldana@gmail.com <- noreply@fashbay.com
2011-11-04T07:22:33+00:00 DEBUG (7): [Zend] arguelloj@gmail.com <- noreply@fashbay.com
2011-11-04T07:22:33+00:00 DEBUG (7): [System] (notify_marketplace_transaction_to_owner) arguelloj@gmail.com <- noreply@fashbay.com
2011-11-04T07:22:33+00:00 DEBUG (7): [Zend] salsabor_01@yahoo.com <- noreply@fashbay.com
2011-11-04T07:22:33+00:00 DEBUG (7): [System] (notify_marketplace_transaction_to_buyer) salsabor_01@yahoo.com <- noreply@fashbay.com
2011-11-04T07:22:34+00:00 DEBUG (7): [Zend] arguelloj@gmail.com <- noreply@fashbay.com
2011-11-04T07:22:34+00:00 DEBUG (7): [System] (notify_marketplace_transaction_to_owner) arguelloj@gmail.com <- noreply@fashbay.com
2011-11-04T07:22:34+00:00 DEBUG (7): [Zend] elticochico@yahoo.com <- noreply@fashbay.com
2011-11-04T07:22:34+00:00 DEBUG (7): [System] (notify_marketplace_transaction_to_buyer) elticochico@yahoo.com <- noreply@fashbay.com
2011-11-04T16:01:24+00:00 DEBUG (7): [Zend] elticochico@yahoo.com <- noreply@fashbay.com
2011-11-04T16:01:24+00:00 DEBUG (7): [System] (notify_marketplace_transaction_to_owner) elticochico@yahoo.com <- noreply@fashbay.com
2011-11-04T16:01:24+00:00 DEBUG (7): [Zend] salsabor_01@yahoo.com <- noreply@fashbay.com
2011-11-04T16:01:24+00:00 DEBUG (7): [System] (notify_marketplace_transaction_to_buyer) salsabor_01@yahoo.com <- noreply@fashbay.com
2011-11-04T16:11:53+00:00 DEBUG (7): [Zend] elticochico@yahoo.com <- noreply@fashbay.com
2011-11-04T16:11:53+00:00 DEBUG (7): [System] (notify_marketplace_transaction_to_owner) elticochico@yahoo.com <- noreply@fashbay.com
2011-11-04T16:11:53+00:00 DEBUG (7): [Zend] salsabor_01@yahoo.com <- noreply@fashbay.com
2011-11-04T16:11:53+00:00 DEBUG (7): [System] (notify_marketplace_transaction_to_buyer) salsabor_01@yahoo.com <- noreply@fashbay.com
2011-11-04T18:01:12+00:00 DEBUG (7): [Zend] waldana@gmail.com <- noreply@fashbay.com
2011-11-04T18:01:12+00:00 DEBUG (7): [System] (notify_post_user) waldana@gmail.com <- noreply@fashbay.com
2011-11-04T18:01:12+00:00 DEBUG (7): [Zend] waldana@gmail.com <- noreply@fashbay.com
2011-11-04T18:01:12+00:00 DEBUG (7): [System] (notify_liked) waldana@gmail.com <- noreply@fashbay.com
2011-11-08T00:50:29+00:00 DEBUG (7): [Zend] carlos.aldana@gmail.com <- noreply@fashbay.com
2011-11-08T00:50:29+00:00 DEBUG (7): [System] (core_verification) carlos.aldana@gmail.com <- noreply@fashbay.com
2011-11-08T01:08:00+00:00 DEBUG (7): [Zend] carlos.aldana@gmail.com <- noreply@fashbay.com
2011-11-08T01:08:00+00:00 DEBUG (7): [System] (core_welcome) carlos.aldana@gmail.com <- noreply@fashbay.com
2011-11-08T01:13:45+00:00 DEBUG (7): [Zend] carlos.aldana@gmail.com <- noreply@fashbay.com
2011-11-08T01:13:45+00:00 DEBUG (7): [System] (core_lostpassword) carlos.aldana@gmail.com <- noreply@fashbay.com
2011-11-09T20:30:36+00:00 DEBUG (7): [Zend] sueannwee@yahoo.com <- noreply@fashbay.com
2011-11-09T20:30:36+00:00 DEBUG (7): [System] (core_verification) sueannwee@yahoo.com <- noreply@fashbay.com
2011-11-10T05:53:04+00:00 DEBUG (7): [Zend] sueannwee@yahoo.com <- noreply@fashbay.com
2011-11-10T05:53:04+00:00 DEBUG (7): [System] (core_welcome) sueannwee@yahoo.com <- noreply@fashbay.com
2011-11-11T21:03:36+00:00 DEBUG (7): [Zend] carlos.aldana@gmail.com <- noreply@fashbay.com
2011-11-11T21:03:36+00:00 DEBUG (7): [System] (notify_friend_request) carlos.aldana@gmail.com <- noreply@fashbay.com
2011-11-15T00:29:32+00:00 DEBUG (7): [Zend] elticochico@yahoo.com <- noreply@fashbay.com
2011-11-15T00:29:32+00:00 DEBUG (7): [System] (notify_friend_accepted) elticochico@yahoo.com <- noreply@fashbay.com
2011-11-15T15:58:21+00:00 DEBUG (7): [Zend] tester@tester.com <- noreply@fashbay.com
2011-11-15T15:58:21+00:00 DEBUG (7): [System] (core_verification) tester@tester.com <- noreply@fashbay.com
2011-11-17T01:13:02+00:00 DEBUG (7): [Zend] tester@tester.com <- noreply@fashbay.com
2011-11-17T01:13:02+00:00 DEBUG (7): [System] (notify_friend_request) tester@tester.com <- noreply@fashbay.com
2011-11-24T01:04:26+00:00 DEBUG (7): [Zend] zariet@yahoo.com <- noreply@fashbay.com
2011-11-24T01:04:26+00:00 DEBUG (7): [System] (core_verification) zariet@yahoo.com <- noreply@fashbay.com
2011-11-24T01:05:07+00:00 DEBUG (7): [Zend] zariet@yahoo.com <- noreply@fashbay.com
2011-11-24T01:05:07+00:00 DEBUG (7): [System] (core_verification) zariet@yahoo.com <- noreply@fashbay.com
2011-11-24T01:05:32+00:00 DEBUG (7): [Zend] zariet@yahoo.com <- noreply@fashbay.com
2011-11-24T01:05:32+00:00 DEBUG (7): [System] (core_welcome) zariet@yahoo.com <- noreply@fashbay.com
2011-12-03T03:20:14+00:00 DEBUG (7): [Zend] salsabor_01@yahoo.com <- noreply@fashbay.com
2011-12-03T03:20:14+00:00 DEBUG (7): [System] (notify_marketplace_transaction_to_owner) salsabor_01@yahoo.com <- noreply@fashbay.com
2011-12-03T03:20:14+00:00 DEBUG (7): [Zend] waldana@gmail.com <- noreply@fashbay.com
2011-12-03T03:20:14+00:00 DEBUG (7): [System] (notify_marketplace_transaction_to_buyer) waldana@gmail.com <- noreply@fashbay.com
2012-01-03T22:03:15+00:00 DEBUG (7): [Zend] aldanatax@bellsouth.net <- noreply@fashbay.com
2012-01-03T22:03:15+00:00 DEBUG (7): [System] (core_verification) aldanatax@bellsouth.net <- noreply@fashbay.com
2012-01-03T22:22:08+00:00 DEBUG (7): [Zend] salsabor_01@yahoo.com <- noreply@fashbay.com
2012-01-03T22:22:08+00:00 DEBUG (7): [System] (core_contact) salsabor_01@yahoo.com <- noreply@fashbay.com
2012-01-03T22:31:48+00:00 DEBUG (7): [Zend] aldanatax@bellsouth.net <- noreply@fashbay.com
2012-01-03T22:31:48+00:00 DEBUG (7): [System] (core_verification) aldanatax@bellsouth.net <- noreply@fashbay.com
2012-01-03T22:35:36+00:00 DEBUG (7): [Zend] aldanatax@bellsouth.net <- noreply@fashbay.com
2012-01-03T22:35:36+00:00 DEBUG (7): [System] (core_welcome) aldanatax@bellsouth.net <- noreply@fashbay.com
2012-01-12T16:41:52+00:00 DEBUG (7): [Zend] scarlettaldana@hotmail.com <- noreply@fashbay.com
2012-01-12T16:41:52+00:00 DEBUG (7): [System] (notify_friend_request) scarlettaldana@hotmail.com <- noreply@fashbay.com
2012-01-12T16:42:59+00:00 DEBUG (7): [Zend] karaziejuteagne@yahoo.com <- noreply@fashbay.com
2012-01-12T16:42:59+00:00 DEBUG (7): [System] (notify_friend_request) karaziejuteagne@yahoo.com <- noreply@fashbay.com
2012-01-18T07:24:42+00:00 DEBUG (7): [Zend] waldana@gmail.com <- noreply@fashbay.com
2012-01-18T07:24:42+00:00 DEBUG (7): [System] (core_lostpassword) waldana@gmail.com <- noreply@fashbay.com
2012-01-22T22:26:44+00:00 DEBUG (7): [Zend] zariet@yahoo.com <- noreply@fashbay.com
2012-01-22T22:26:45+00:00 DEBUG (7): [System] (core_lostpassword) zariet@yahoo.com <- noreply@fashbay.com
2012-01-26T21:10:19+00:00 DEBUG (7): [Zend] waldana@gmail.com <- noreply@fashbay.com
2012-01-26T21:10:19+00:00 DEBUG (7): [System] (notify_liked) waldana@gmail.com <- noreply@fashbay.com
2012-01-26T21:10:19+00:00 DEBUG (7): [Zend] waldana@gmail.com <- noreply@fashbay.com
2012-01-26T21:10:19+00:00 DEBUG (7): [System] (notify_commented) waldana@gmail.com <- noreply@fashbay.com
2012-01-26T21:17:40+00:00 DEBUG (7): [Zend] scarlettaldana@hotmail.com <- noreply@fashbay.com
2012-01-26T21:17:40+00:00 DEBUG (7): [System] (notify_post_user) scarlettaldana@hotmail.com <- noreply@fashbay.com
2012-01-26T21:17:40+00:00 DEBUG (7): [Zend] scarlettaldana@hotmail.com <- noreply@fashbay.com
2012-01-26T21:17:40+00:00 DEBUG (7): [System] (notify_commented) scarlettaldana@hotmail.com <- noreply@fashbay.com
2012-01-30T17:54:50+00:00 DEBUG (7): [Zend] waldana@gmail.com <- noreply@fashbay.com
2012-01-30T17:54:50+00:00 DEBUG (7): [System] (notify_liked) waldana@gmail.com <- noreply@fashbay.com
2012-01-31T19:42:22+00:00 DEBUG (7): [Zend] waldana@gmail.com <- noreply@fashbay.com
2012-01-31T19:42:22+00:00 DEBUG (7): [System] (notify_liked) waldana@gmail.com <- noreply@fashbay.com
2012-03-09T01:16:24+00:00 DEBUG (7): [Zend] salsabor_01@yahoo.com <- noreply@fashbay.com
2012-03-09T01:16:24+00:00 DEBUG (7): [System] (core_contact) salsabor_01@yahoo.com <- noreply@fashbay.com
2012-03-09T01:56:20+00:00 DEBUG (7): [Zend] waldana@gmail.com <- noreply@fashbay.com
2012-03-09T01:56:20+00:00 DEBUG (7): [System] (notify_liked) waldana@gmail.com <- noreply@fashbay.com
2012-03-12T08:35:35+00:00 DEBUG (7): [Zend] salsabor_01@yahoo.com <- noreply@fashbay.com
2012-03-12T08:35:35+00:00 DEBUG (7): [System] (notify_liked) salsabor_01@yahoo.com <- noreply@fashbay.com
2012-03-12T08:35:35+00:00 DEBUG (7): [Zend] salsabor_01@yahoo.com <- noreply@fashbay.com
2012-03-12T08:35:35+00:00 DEBUG (7): [System] (notify_liked) salsabor_01@yahoo.com <- noreply@fashbay.com
2012-03-12T08:39:37+00:00 DEBUG (7): [Zend] salsabor_01@yahoo.com <- noreply@fashbay.com
2012-03-12T08:39:37+00:00 DEBUG (7): [System] (notify_liked) salsabor_01@yahoo.com <- noreply@fashbay.com
2012-03-12T08:54:48+00:00 DEBUG (7): [Zend] scarlettaldana@hotmail.com <- noreply@fashbay.com
2012-03-12T08:54:48+00:00 DEBUG (7): [System] (notify_liked) scarlettaldana@hotmail.com <- noreply@fashbay.com
2012-03-12T08:56:48+00:00 DEBUG (7): [Zend] salsabor_01@yahoo.com <- noreply@fashbay.com
2012-03-12T08:56:48+00:00 DEBUG (7): [System] (notify_liked) salsabor_01@yahoo.com <- noreply@fashbay.com
2012-03-12T09:19:03+00:00 DEBUG (7): [Zend] tester@tester.com <- noreply@fashbay.com
2012-03-12T09:19:03+00:00 DEBUG (7): [System] (notify_liked) tester@tester.com <- noreply@fashbay.com
2012-03-12T09:19:04+00:00 DEBUG (7): [Zend] tester@tester.com <- noreply@fashbay.com
2012-03-12T09:19:04+00:00 DEBUG (7): [System] (notify_commented) tester@tester.com <- noreply@fashbay.com
2012-03-12T09:56:44+00:00 DEBUG (7): [Zend] blackpza@hotmail.com <- noreply@fashbay.com
2012-03-12T09:56:44+00:00 DEBUG (7): [System] (core_verification) blackpza@hotmail.com <- noreply@fashbay.com
2012-03-12T11:54:20+00:00 DEBUG (7): [Zend] salsabor_01@yahoo.com <- noreply@fashbay.com
2012-03-12T11:54:20+00:00 DEBUG (7): [System] (notify_liked) salsabor_01@yahoo.com <- noreply@fashbay.com
2012-03-12T23:40:52+00:00 DEBUG (7): [Zend] yaksas@gmail.com <- noreply@fashbay.com
2012-03-12T23:40:52+00:00 DEBUG (7): [System] (core_verification) yaksas@gmail.com <- noreply@fashbay.com
2012-03-14T07:49:49+00:00 DEBUG (7): [Zend] tester@tester.com <- noreply@fashbay.com
2012-03-14T07:49:49+00:00 DEBUG (7): [System] (notify_liked) tester@tester.com <- noreply@fashbay.com
2012-03-14T07:51:50+00:00 DEBUG (7): [Zend] elticochico@yahoo.com <- noreply@fashbay.com
2012-03-14T07:51:50+00:00 DEBUG (7): [System] (notify_liked) elticochico@yahoo.com <- noreply@fashbay.com
2012-03-14T07:51:50+00:00 DEBUG (7): [Zend] elticochico@yahoo.com <- noreply@fashbay.com
2012-03-14T07:51:50+00:00 DEBUG (7): [System] (notify_liked) elticochico@yahoo.com <- noreply@fashbay.com
2012-03-15T08:03:28+00:00 DEBUG (7): [Zend] Array <- info@upheels.com
2012-03-15T08:03:29+00:00 DEBUG (7): [Zend] salsabor_01@yahoo.com <- info@upheels.com
2012-03-15T08:03:29+00:00 DEBUG (7): [Zend] waldana@gmail.com <- info@upheels.com
2012-03-15T08:03:30+00:00 DEBUG (7): [Zend] karaziejuteagne@yahoo.com <- info@upheels.com
2012-03-15T08:03:30+00:00 DEBUG (7): [Zend] elticochico@yahoo.com <- info@upheels.com
2012-03-15T08:03:30+00:00 DEBUG (7): [Zend] janisross.c@gmail.com <- info@upheels.com
2012-03-15T08:03:30+00:00 DEBUG (7): [Zend] artiffact@gmail.com <- info@upheels.com
2012-03-15T08:03:31+00:00 DEBUG (7): [Zend] scarlettaldana@hotmail.com <- info@upheels.com
2012-03-15T08:03:32+00:00 DEBUG (7): [Zend] susanne@soakandspin.com <- info@upheels.com
2012-03-15T08:03:32+00:00 DEBUG (7): [Zend] arguelloj@gmail.com <- info@upheels.com
2012-03-15T08:03:32+00:00 DEBUG (7): [Zend] carlos.aldana@gmail.com <- info@upheels.com
2012-03-15T08:03:32+00:00 DEBUG (7): [Zend] sueannwee@yahoo.com <- info@upheels.com
2012-03-15T08:03:32+00:00 DEBUG (7): [Zend] tester@tester.com <- info@upheels.com
2012-03-15T08:03:32+00:00 DEBUG (7): [Zend] zariet@yahoo.com <- info@upheels.com
2012-03-15T08:03:33+00:00 DEBUG (7): [Zend] aldanatax@bellsouth.net <- info@upheels.com
2012-03-15T08:03:33+00:00 DEBUG (7): [Zend] kim.middleton@arvixe.com <- info@upheels.com
2012-03-15T08:03:33+00:00 DEBUG (7): [Zend] dhrupal@outsourcing2india.com <- info@upheels.com
2012-03-15T08:03:34+00:00 DEBUG (7): [Zend] claire555590@yahoo.com <- info@upheels.com
2012-03-15T08:03:34+00:00 DEBUG (7): [Zend] cnorbut@nursing.arizona.edu <- info@upheels.com
2012-03-15T08:03:35+00:00 DEBUG (7): [Zend] stxstx3121@163.com <- info@upheels.com
2012-03-15T08:03:35+00:00 DEBUG (7): [Zend] heathercasmus@newjobs4u.ru <- info@upheels.com
2012-03-15T08:03:36+00:00 DEBUG (7): [Zend] ootechnology@yahoo.com <- info@upheels.com
2012-03-15T08:03:36+00:00 DEBUG (7): [Zend] blackpza@hotmail.com <- info@upheels.com
2012-03-15T08:03:37+00:00 DEBUG (7): [Zend] yaksas@gmail.com <- info@upheels.com
2012-03-15T08:03:37+00:00 DEBUG (7): [Zend] salsabor_01@yahoo.com <- info@upheels.com
2012-03-15T08:40:44+00:00 DEBUG (7): [Zend] waldana@gmail.com <- noreply@fashbay.com
2012-03-15T08:40:44+00:00 DEBUG (7): [System] (notify_commented) waldana@gmail.com <- noreply@fashbay.com
2012-03-15T23:24:58+00:00 DEBUG (7): [Zend] scarlettaldana@hotmail.com <- noreply@fashbay.com
2012-03-15T23:24:58+00:00 DEBUG (7): [System] (notify_liked) scarlettaldana@hotmail.com <- noreply@fashbay.com
2012-03-15T23:24:58+00:00 DEBUG (7): [Zend] scarlettaldana@hotmail.com <- noreply@fashbay.com
2012-03-15T23:24:58+00:00 DEBUG (7): [System] (notify_liked) scarlettaldana@hotmail.com <- noreply@fashbay.com
2012-03-15T23:46:22+00:00 DEBUG (7): [Zend] carlos.aldana@gmail.com <- noreply@fashbay.com
2012-03-15T23:46:22+00:00 DEBUG (7): [System] (notify_liked) carlos.aldana@gmail.com <- noreply@fashbay.com
2012-03-15T23:47:26+00:00 DEBUG (7): [Zend] elticochico@yahoo.com <- noreply@fashbay.com
2012-03-15T23:47:26+00:00 DEBUG (7): [System] (notify_message_new) elticochico@yahoo.com <- noreply@fashbay.com
2012-03-15T23:47:26+00:00 DEBUG (7): [Zend] elticochico@yahoo.com <- noreply@fashbay.com
2012-03-15T23:47:26+00:00 DEBUG (7): [System] (notify_message_new) elticochico@yahoo.com <- noreply@fashbay.com
2012-03-16T00:00:22+00:00 DEBUG (7): [Zend] aldanatax@bellsouth.net <- noreply@fashbay.com
2012-03-16T00:00:22+00:00 DEBUG (7): [System] (notify_liked) aldanatax@bellsouth.net <- noreply@fashbay.com
2012-03-16T00:00:22+00:00 DEBUG (7): [Zend] aldanatax@bellsouth.net <- noreply@fashbay.com
2012-03-16T00:00:22+00:00 DEBUG (7): [System] (notify_commented) aldanatax@bellsouth.net <- noreply@fashbay.com
2012-03-16T00:00:22+00:00 DEBUG (7): [Zend] aldanatax@bellsouth.net <- noreply@fashbay.com
2012-03-16T00:00:22+00:00 DEBUG (7): [System] (notify_friend_request) aldanatax@bellsouth.net <- noreply@fashbay.com
2012-03-16T02:48:02+00:00 DEBUG (7): [Zend] aldanatax@bellsouth.net <- noreply@fashbay.com
2012-03-16T02:48:02+00:00 DEBUG (7): [System] (core_lostpassword) aldanatax@bellsouth.net <- noreply@fashbay.com
2012-03-16T02:50:30+00:00 DEBUG (7): [Zend] tester@tester.com <- noreply@fashbay.com
2012-03-16T02:50:30+00:00 DEBUG (7): [System] (notify_liked) tester@tester.com <- noreply@fashbay.com
2012-03-16T02:53:30+00:00 DEBUG (7): [Zend] tester@tester.com <- noreply@fashbay.com
2012-03-16T02:53:30+00:00 DEBUG (7): [System] (notify_commented) tester@tester.com <- noreply@fashbay.com
2012-03-16T03:00:18+00:00 DEBUG (7): [Zend] salsabor_01@yahoo.com <- noreply@fashbay.com
2012-03-16T03:00:18+00:00 DEBUG (7): [System] (notify_commented) salsabor_01@yahoo.com <- noreply@fashbay.com
2012-03-16T04:00:31+00:00 DEBUG (7): [Zend] yaksas@gmail.com <- noreply@fashbay.com
2012-03-16T04:00:31+00:00 DEBUG (7): [System] (core_lostpassword) yaksas@gmail.com <- noreply@fashbay.com
2012-03-16T04:13:48+00:00 DEBUG (7): [Zend] waldana@gmail.com <- noreply@fashbay.com
2012-03-16T04:13:48+00:00 DEBUG (7): [System] (notify_friend_request) waldana@gmail.com <- noreply@fashbay.com
2012-03-16T05:45:24+00:00 DEBUG (7): [Zend] aldanatax@bellsouth.net <- noreply@fashbay.com
2012-03-16T05:45:24+00:00 DEBUG (7): [System] (notify_liked) aldanatax@bellsouth.net <- noreply@fashbay.com
2012-03-16T05:46:24+00:00 DEBUG (7): [Zend] aldanatax@bellsouth.net <- noreply@fashbay.com
2012-03-16T05:46:24+00:00 DEBUG (7): [System] (notify_commented_commented) aldanatax@bellsouth.net <- noreply@fashbay.com
2012-03-16T07:44:26+00:00 DEBUG (7): [Zend] aldanatax@bellsouth.net <- noreply@fashbay.com
2012-03-16T07:44:26+00:00 DEBUG (7): [System] (notify_liked) aldanatax@bellsouth.net <- noreply@fashbay.com
2012-03-16T07:44:26+00:00 DEBUG (7): [Zend] aldanatax@bellsouth.net <- noreply@fashbay.com
2012-03-16T07:44:26+00:00 DEBUG (7): [System] (notify_commented) aldanatax@bellsouth.net <- noreply@fashbay.com
2012-03-16T13:53:11+00:00 DEBUG (7): [Zend] salsabor_01@yahoo.com <- noreply@fashbay.com
2012-03-16T13:53:11+00:00 DEBUG (7): [System] (notify_liked) salsabor_01@yahoo.com <- noreply@fashbay.com
2012-03-19T13:04:22+00:00 DEBUG (7): [Zend] m@m.com <- noreply@fashbay.com
2012-03-19T13:04:22+00:00 DEBUG (7): [System] (core_verification) m@m.com <- noreply@fashbay.com
2012-03-20T04:56:51+00:00 DEBUG (7): [Zend] salsabor_01@yahoo.com <- noreply@fashbay.com
2012-03-20T04:56:52+00:00 DEBUG (7): [System] (notify_message_new) salsabor_01@yahoo.com <- noreply@fashbay.com
2012-03-20T04:59:18+00:00 DEBUG (7): [Zend] scarlettaldana@hotmail.com <- noreply@fashbay.com
2012-03-20T04:59:18+00:00 DEBUG (7): [System] (notify_friend_request) scarlettaldana@hotmail.com <- noreply@fashbay.com
2012-03-20T09:23:47+00:00 DEBUG (7): [Zend] gckbuyer@gmail.com <- noreply@fashbay.com
2012-03-20T09:23:47+00:00 DEBUG (7): [System] (core_verification) gckbuyer@gmail.com <- noreply@fashbay.com
2012-03-20T11:40:03+00:00 DEBUG (7): [Zend] salsabor_01@yahoo.com <- noreply@fashbay.com
2012-03-20T11:40:03+00:00 DEBUG (7): [System] (notify_liked) salsabor_01@yahoo.com <- noreply@fashbay.com
2012-03-20T11:40:04+00:00 DEBUG (7): [Zend] scarlettaldana@hotmail.com <- noreply@fashbay.com
2012-03-20T11:40:04+00:00 DEBUG (7): [System] (notify_commented) scarlettaldana@hotmail.com <- noreply@fashbay.com
2012-03-21T01:55:02+00:00 DEBUG (7): [Zend] artiffact@gmail.com <- noreply@fashbay.com
2012-03-21T01:55:03+00:00 DEBUG (7): [System] (core_lostpassword) artiffact@gmail.com <- noreply@fashbay.com
2012-03-22T13:59:24+00:00 DEBUG (7): [Zend] support@starsdeveloper.com <- noreply@fashbay.com
2012-03-22T13:59:25+00:00 DEBUG (7): [System] (core_verification) support@starsdeveloper.com <- noreply@fashbay.com
2012-03-22T14:01:38+00:00 DEBUG (7): [Zend] support@starsdeveloper.com <- noreply@fashbay.com
2012-03-22T14:01:38+00:00 DEBUG (7): [System] (user_account_approved) support@starsdeveloper.com <- noreply@fashbay.com
2012-03-22T16:36:43+00:00 DEBUG (7): [Zend] test@test.com <- noreply@fashbay.com
2012-03-22T16:36:43+00:00 DEBUG (7): [System] (core_verification) test@test.com <- noreply@fashbay.com
2012-03-22T16:48:55+00:00 DEBUG (7): [Zend] tanyushka_angell@mail.ru <- noreply@fashbay.com
2012-03-22T16:48:55+00:00 DEBUG (7): [System] (core_verification) tanyushka_angell@mail.ru <- noreply@fashbay.com
2012-03-27T15:57:31+00:00 DEBUG (7): [Zend] waldana@gmail.com <- noreply@fashbay.com
2012-03-27T15:57:31+00:00 DEBUG (7): [System] (notify_commented) waldana@gmail.com <- noreply@fashbay.com
2012-03-27T18:17:42+00:00 DEBUG (7): [Zend] waldana@gmail.com <- noreply@fashbay.com
2012-03-27T18:17:42+00:00 DEBUG (7): [System] (notify_commented) waldana@gmail.com <- noreply@fashbay.com
2012-03-27T22:34:57+00:00 DEBUG (7): [Zend] artiffact@gmail.com <- noreply@fashbay.com
2012-03-27T22:34:57+00:00 DEBUG (7): [System] (notify_friend_request) artiffact@gmail.com <- noreply@fashbay.com
2012-03-27T22:34:59+00:00 DEBUG (7): [Zend] susanne@soakandspin.com <- noreply@fashbay.com
2012-03-27T22:34:59+00:00 DEBUG (7): [System] (notify_friend_request) susanne@soakandspin.com <- noreply@fashbay.com
2012-03-28T01:02:08+00:00 DEBUG (7): [Zend] carlos.aldana@gmail.com <- noreply@fashbay.com
2012-03-28T01:02:08+00:00 DEBUG (7): [System] (core_lostpassword) carlos.aldana@gmail.com <- noreply@fashbay.com
2012-03-28T06:54:16+00:00 DEBUG (7): [Zend] scarlettaldana@hotmail.com <- noreply@fashbay.com
2012-03-28T06:54:16+00:00 DEBUG (7): [System] (notify_commented) scarlettaldana@hotmail.com <- noreply@fashbay.com
2012-03-28T13:43:58+00:00 DEBUG (7): [Zend] noreply@fashbay.com <- noreply@fashbay.com
2012-03-28T13:43:58+00:00 DEBUG (7): [Zend] tester@tester.com <- noreply@fashbay.com
2012-03-28T13:43:59+00:00 DEBUG (7): [Zend] mybuy_1306254113_per@gmail.com <- noreply@fashbay.com
2012-03-29T01:13:41+00:00 DEBUG (7): [Zend] support@starsdeveloper.com <- noreply@fashbay.com
2012-03-29T01:13:41+00:00 DEBUG (7): [System] (notify_liked) support@starsdeveloper.com <- noreply@fashbay.com
2012-03-29T01:13:41+00:00 DEBUG (7): [Zend] scarlettaldana@hotmail.com <- noreply@fashbay.com
2012-03-29T01:13:41+00:00 DEBUG (7): [System] (notify_liked) scarlettaldana@hotmail.com <- noreply@fashbay.com
2012-03-29T11:18:39+00:00 DEBUG (7): [Zend] noreply@fashbay.com <- noreply@fashbay.com
2012-03-29T11:18:40+00:00 DEBUG (7): [Zend] scarlettaldana@hotmail.com <- noreply@fashbay.com
2012-03-29T11:18:40+00:00 DEBUG (7): [Zend] neofit_1322824689_biz@gmail.com <- noreply@fashbay.com
2012-03-29T11:18:40+00:00 DEBUG (7): [Zend] noreply@fashbay.com <- noreply@fashbay.com
2012-03-29T11:18:41+00:00 DEBUG (7): [Zend] waldana@gmail.com <- noreply@fashbay.com
2012-03-29T11:18:41+00:00 DEBUG (7): [Zend] neofit_1322824689_biz@gmail.com <- noreply@fashbay.com
2012-03-29T13:35:09+00:00 DEBUG (7): [Zend] test@test.com <- noreply@fashbay.com
2012-03-29T13:35:09+00:00 DEBUG (7): [System] (user_account_approved) test@test.com <- noreply@fashbay.com
2012-03-30T12:49:20+00:00 DEBUG (7): [Zend] tester@tester.com <- noreply@fashbay.com
2012-03-30T12:49:20+00:00 DEBUG (7): [System] (notify_marketplace_transaction_to_owner) tester@tester.com <- noreply@fashbay.com
2012-03-30T12:49:20+00:00 DEBUG (7): [Zend] tester@tester.com <- noreply@fashbay.com
2012-03-30T12:49:20+00:00 DEBUG (7): [System] (notify_marketplace_transaction_to_buyer) tester@tester.com <- noreply@fashbay.com
2012-03-30T13:02:15+00:00 DEBUG (7): [Zend] tester@tester.com <- noreply@fashbay.com
2012-03-30T13:02:15+00:00 DEBUG (7): [System] (notify_marketplace_transaction_to_owner) tester@tester.com <- noreply@fashbay.com
2012-03-30T13:02:15+00:00 DEBUG (7): [Zend] tester@tester.com <- noreply@fashbay.com
2012-03-30T13:02:15+00:00 DEBUG (7): [System] (notify_marketplace_transaction_to_buyer) tester@tester.com <- noreply@fashbay.com
2012-03-31T19:41:08+00:00 DEBUG (7): [Zend] waldana@gmail.com <- noreply@fashbay.com
2012-03-31T19:41:08+00:00 DEBUG (7): [System] (notify_friend_follow) waldana@gmail.com <- noreply@fashbay.com
2012-03-31T19:42:10+00:00 DEBUG (7): [Zend] salsabor_01@yahoo.com <- noreply@fashbay.com
2012-03-31T19:42:10+00:00 DEBUG (7): [System] (notify_friend_follow) salsabor_01@yahoo.com <- noreply@fashbay.com
2012-03-31T19:43:15+00:00 DEBUG (7): [Zend] elticochico@yahoo.com <- noreply@fashbay.com
2012-03-31T19:43:15+00:00 DEBUG (7): [System] (notify_friend_follow) elticochico@yahoo.com <- noreply@fashbay.com
2012-03-31T20:05:11+00:00 DEBUG (7): [Zend] tester@tester.com <- noreply@fashbay.com
2012-03-31T20:05:11+00:00 DEBUG (7): [System] (notify_friend_follow) tester@tester.com <- noreply@fashbay.com
2012-04-12T03:49:47+00:00 DEBUG (7): [Zend] Pagespocket@gmail.com <- noreply@fashbay.com
2012-04-12T03:49:47+00:00 DEBUG (7): [System] (core_verification) Pagespocket@gmail.com <- noreply@fashbay.com
2012-04-18T08:13:25+00:00 DEBUG (7): [Zend] Pagespocket@gmail.com <- noreply@fashbay.com
2012-04-18T08:13:25+00:00 DEBUG (7): [System] (notify_commented) Pagespocket@gmail.com <- noreply@fashbay.com
2012-04-18T08:13:26+00:00 DEBUG (7): [Zend] support@starsdeveloper.com <- noreply@fashbay.com
2012-04-18T08:13:26+00:00 DEBUG (7): [System] (notify_liked) support@starsdeveloper.com <- noreply@fashbay.com
2012-04-18T08:14:25+00:00 DEBUG (7): [Zend] Pagespocket@gmail.com <- noreply@fashbay.com
2012-04-18T08:14:25+00:00 DEBUG (7): [System] (notify_commented) Pagespocket@gmail.com <- noreply@fashbay.com
2012-04-23T01:28:26+00:00 DEBUG (7): [Zend] weia52weia52@gmail.com <- noreply@fashbay.com
2012-04-23T01:28:26+00:00 DEBUG (7): [System] (core_verification) weia52weia52@gmail.com <- noreply@fashbay.com
2012-04-23T01:28:27+00:00 DEBUG (7): [Zend] weia52@163.com <- noreply@fashbay.com
2012-04-23T01:28:27+00:00 DEBUG (7): [System] (invite) weia52@163.com <- noreply@fashbay.com
2012-04-23T03:14:24+00:00 DEBUG (7): [Zend] carlos.aldana@gmail.com <- noreply@fashbay.com
2012-04-23T03:14:24+00:00 DEBUG (7): [System] (core_lostpassword) carlos.aldana@gmail.com <- noreply@fashbay.com
2012-04-26T09:55:32+00:00 DEBUG (7): [Zend] artiffact@gmail.com <- noreply@fashbay.com
2012-04-26T09:55:32+00:00 DEBUG (7): [System] (notify_marketplace_transaction_to_owner) artiffact@gmail.com <- noreply@fashbay.com
2012-04-26T09:55:32+00:00 DEBUG (7): [Zend] tester@tester.com <- noreply@fashbay.com
2012-04-26T09:55:32+00:00 DEBUG (7): [System] (notify_marketplace_transaction_to_buyer) tester@tester.com <- noreply@fashbay.com
2012-04-26T09:55:32+00:00 DEBUG (7): [Zend] support@starsdeveloper.com <- noreply@fashbay.com
2012-04-26T09:55:32+00:00 DEBUG (7): [System] (notify_marketplace_transaction_to_owner) support@starsdeveloper.com <- noreply@fashbay.com
2012-04-26T09:55:32+00:00 DEBUG (7): [Zend] tester@tester.com <- noreply@fashbay.com
2012-04-26T09:55:32+00:00 DEBUG (7): [System] (notify_marketplace_transaction_to_buyer) tester@tester.com <- noreply@fashbay.com
2012-04-26T10:59:47+00:00 DEBUG (7): [Zend] Pagespocket@gmail.com <- noreply@fashbay.com
2012-04-26T10:59:47+00:00 DEBUG (7): [System] (notify_commented) Pagespocket@gmail.com <- noreply@fashbay.com
2012-04-26T11:17:57+00:00 DEBUG (7): [Zend] Pagespocket@gmail.com <- noreply@fashbay.com
2012-04-26T11:17:57+00:00 DEBUG (7): [System] (notify_commented) Pagespocket@gmail.com <- noreply@fashbay.com
2012-04-26T11:27:04+00:00 DEBUG (7): [Zend] Pagespocket@gmail.com <- noreply@fashbay.com
2012-04-26T11:27:04+00:00 DEBUG (7): [System] (notify_commented) Pagespocket@gmail.com <- noreply@fashbay.com
2012-04-26T11:30:44+00:00 DEBUG (7): [Zend] Pagespocket@gmail.com <- noreply@fashbay.com
2012-04-26T11:30:44+00:00 DEBUG (7): [System] (notify_commented) Pagespocket@gmail.com <- noreply@fashbay.com
2012-04-26T11:33:03+00:00 DEBUG (7): [Zend] Pagespocket@gmail.com <- noreply@fashbay.com
2012-04-26T11:33:03+00:00 DEBUG (7): [System] (notify_commented) Pagespocket@gmail.com <- noreply@fashbay.com
2012-04-26T11:37:59+00:00 DEBUG (7): [Zend] Pagespocket@gmail.com <- noreply@fashbay.com
2012-04-26T11:37:59+00:00 DEBUG (7): [System] (notify_commented) Pagespocket@gmail.com <- noreply@fashbay.com
2012-04-26T11:37:59+00:00 DEBUG (7): [Zend] Pagespocket@gmail.com <- noreply@fashbay.com
2012-04-26T11:37:59+00:00 DEBUG (7): [System] (notify_commented) Pagespocket@gmail.com <- noreply@fashbay.com
2012-04-26T11:40:07+00:00 DEBUG (7): [Zend] Pagespocket@gmail.com <- noreply@fashbay.com
2012-04-26T11:40:07+00:00 DEBUG (7): [System] (notify_commented) Pagespocket@gmail.com <- noreply@fashbay.com
2012-04-26T11:50:00+00:00 DEBUG (7): [Zend] Pagespocket@gmail.com <- noreply@fashbay.com
2012-04-26T11:50:00+00:00 DEBUG (7): [System] (notify_commented) Pagespocket@gmail.com <- noreply@fashbay.com
2012-04-26T11:50:00+00:00 DEBUG (7): [Zend] Pagespocket@gmail.com <- noreply@fashbay.com
2012-04-26T11:50:00+00:00 DEBUG (7): [System] (notify_commented) Pagespocket@gmail.com <- noreply@fashbay.com
2012-04-26T11:50:59+00:00 DEBUG (7): [Zend] Pagespocket@gmail.com <- noreply@fashbay.com
2012-04-26T11:50:59+00:00 DEBUG (7): [System] (notify_commented) Pagespocket@gmail.com <- noreply@fashbay.com
2012-04-26T12:29:44+00:00 DEBUG (7): [Zend] Pagespocket@gmail.com <- noreply@fashbay.com
2012-04-26T12:29:44+00:00 DEBUG (7): [System] (notify_commented) Pagespocket@gmail.com <- noreply@fashbay.com
2012-04-26T12:29:44+00:00 DEBUG (7): [Zend] Pagespocket@gmail.com <- noreply@fashbay.com
2012-04-26T12:29:44+00:00 DEBUG (7): [System] (notify_commented) Pagespocket@gmail.com <- noreply@fashbay.com
2012-04-26T13:59:04+00:00 DEBUG (7): [Zend] tester@tester.com <- noreply@fashbay.com
2012-04-26T13:59:04+00:00 DEBUG (7): [System] (notify_marketplace_transaction_to_owner) tester@tester.com <- noreply@fashbay.com
2012-04-26T13:59:05+00:00 DEBUG (7): [Zend] tester@tester.com <- noreply@fashbay.com
2012-04-26T13:59:05+00:00 DEBUG (7): [System] (notify_marketplace_transaction_to_buyer) tester@tester.com <- noreply@fashbay.com
2012-05-03T11:48:45+00:00 DEBUG (7): [Zend] tester@tester.com <- noreply@fashbay.com
2012-05-03T11:48:45+00:00 DEBUG (7): [System] (notify_marketplace_transaction_to_owner) tester@tester.com <- noreply@fashbay.com
2012-05-03T11:48:46+00:00 DEBUG (7): [Zend] tester@tester.com <- noreply@fashbay.com
2012-05-03T11:48:46+00:00 DEBUG (7): [System] (notify_marketplace_transaction_to_buyer) tester@tester.com <- noreply@fashbay.com
2012-05-03T11:54:02+00:00 DEBUG (7): [Zend] tester@tester.com <- noreply@fashbay.com
2012-05-03T11:54:02+00:00 DEBUG (7): [System] (notify_marketplace_transaction_to_owner) tester@tester.com <- noreply@fashbay.com
2012-05-03T11:54:03+00:00 DEBUG (7): [Zend] tester@tester.com <- noreply@fashbay.com
2012-05-03T11:54:03+00:00 DEBUG (7): [System] (notify_marketplace_transaction_to_buyer) tester@tester.com <- noreply@fashbay.com
2012-05-03T11:59:44+00:00 DEBUG (7): [Zend] tester@tester.com <- noreply@fashbay.com
2012-05-03T11:59:44+00:00 DEBUG (7): [System] (notify_marketplace_transaction_to_owner) tester@tester.com <- noreply@fashbay.com
2012-05-03T11:59:44+00:00 DEBUG (7): [Zend] tester@tester.com <- noreply@fashbay.com
2012-05-03T11:59:44+00:00 DEBUG (7): [System] (notify_marketplace_transaction_to_buyer) tester@tester.com <- noreply@fashbay.com
2012-05-03T12:24:08+00:00 DEBUG (7): [Zend] noreply@fashbay.com <- noreply@fashbay.com
2012-05-03T12:24:09+00:00 DEBUG (7): [Zend] artiffact@gmail.com <- noreply@fashbay.com
2012-05-03T12:24:10+00:00 DEBUG (7): [Zend] mybuy_1306254113_per@gmail.com <- noreply@fashbay.com
2012-05-03T12:35:49+00:00 DEBUG (7): [Zend] noreply@fashbay.com <- noreply@fashbay.com
2012-05-03T12:35:49+00:00 DEBUG (7): [Zend] support@starsdeveloper.com <- noreply@fashbay.com
2012-05-03T12:35:50+00:00 DEBUG (7): [Zend] mybuy_1306254113_per@gmail.com <- noreply@fashbay.com
2012-05-09T15:34:10+00:00 DEBUG (7): [Zend] maria.aldana@gmail.com <- noreply@fashbay.com
2012-05-09T15:34:10+00:00 DEBUG (7): [System] (invite) maria.aldana@gmail.com <- noreply@fashbay.com
2012-05-09T16:40:01+00:00 DEBUG (7): [Zend] waldana@gmail.com <- noreply@fashbay.com
2012-05-09T16:40:01+00:00 DEBUG (7): [System] (notify_commented) waldana@gmail.com <- noreply@fashbay.com
2012-05-09T16:47:18+00:00 DEBUG (7): [Zend] Pagespocket@gmail.com <- noreply@fashbay.com
2012-05-09T16:47:18+00:00 DEBUG (7): [System] (notify_commented) Pagespocket@gmail.com <- noreply@fashbay.com
2012-05-09T16:47:19+00:00 DEBUG (7): [Zend] tester@tester.com <- noreply@fashbay.com
2012-05-09T16:47:19+00:00 DEBUG (7): [System] (notify_commented_commented) tester@tester.com <- noreply@fashbay.com
2012-05-09T16:48:24+00:00 DEBUG (7): [Zend] Pagespocket@gmail.com <- noreply@fashbay.com
2012-05-09T16:48:24+00:00 DEBUG (7): [System] (notify_commented) Pagespocket@gmail.com <- noreply@fashbay.com
2012-05-09T16:48:24+00:00 DEBUG (7): [Zend] tester@tester.com <- noreply@fashbay.com
2012-05-09T16:48:24+00:00 DEBUG (7): [System] (notify_commented_commented) tester@tester.com <- noreply@fashbay.com
2012-05-11T14:07:23+00:00 DEBUG (7): [Zend] waldana@gmail.com <- noreply@fashbay.com
2012-05-11T14:07:23+00:00 DEBUG (7): [System] (notify_commented) waldana@gmail.com <- noreply@fashbay.com
2012-05-11T14:07:23+00:00 DEBUG (7): [Zend] salsabor_01@yahoo.com <- noreply@fashbay.com
2012-05-11T14:07:23+00:00 DEBUG (7): [System] (notify_liked_commented) salsabor_01@yahoo.com <- noreply@fashbay.com
2012-05-11T14:07:24+00:00 DEBUG (7): [Zend] waldana@gmail.com <- noreply@fashbay.com
2012-05-11T14:07:24+00:00 DEBUG (7): [System] (notify_commented) waldana@gmail.com <- noreply@fashbay.com
2012-05-11T14:07:24+00:00 DEBUG (7): [Zend] salsabor_01@yahoo.com <- noreply@fashbay.com
2012-05-11T14:07:24+00:00 DEBUG (7): [System] (notify_liked_commented) salsabor_01@yahoo.com <- noreply@fashbay.com
2012-05-11T14:27:39+00:00 DEBUG (7): [Zend] waldana@gmail.com <- noreply@fashbay.com
2012-05-11T14:27:39+00:00 DEBUG (7): [System] (notify_commented) waldana@gmail.com <- noreply@fashbay.com
2012-05-11T14:27:39+00:00 DEBUG (7): [Zend] salsabor_01@yahoo.com <- noreply@fashbay.com
2012-05-11T14:27:39+00:00 DEBUG (7): [System] (notify_liked_commented) salsabor_01@yahoo.com <- noreply@fashbay.com
2012-05-11T14:50:35+00:00 DEBUG (7): [Zend] waldana@gmail.com <- noreply@fashbay.com
2012-05-11T14:50:35+00:00 DEBUG (7): [System] (notify_commented) waldana@gmail.com <- noreply@fashbay.com
2012-05-11T14:50:35+00:00 DEBUG (7): [Zend] salsabor_01@yahoo.com <- noreply@fashbay.com
2012-05-11T14:50:35+00:00 DEBUG (7): [System] (notify_liked_commented) salsabor_01@yahoo.com <- noreply@fashbay.com
2012-05-11T15:03:02+00:00 DEBUG (7): [Zend] waldana@gmail.com <- noreply@fashbay.com
2012-05-11T15:03:02+00:00 DEBUG (7): [System] (notify_commented) waldana@gmail.com <- noreply@fashbay.com
2012-05-11T15:03:02+00:00 DEBUG (7): [Zend] salsabor_01@yahoo.com <- noreply@fashbay.com
2012-05-11T15:03:02+00:00 DEBUG (7): [System] (notify_liked_commented) salsabor_01@yahoo.com <- noreply@fashbay.com
2012-05-11T15:16:30+00:00 DEBUG (7): [Zend] waldana@gmail.com <- noreply@fashbay.com
2012-05-11T15:16:30+00:00 DEBUG (7): [System] (notify_commented) waldana@gmail.com <- noreply@fashbay.com
2012-05-11T15:16:30+00:00 DEBUG (7): [Zend] salsabor_01@yahoo.com <- noreply@fashbay.com
2012-05-11T15:16:30+00:00 DEBUG (7): [System] (notify_liked_commented) salsabor_01@yahoo.com <- noreply@fashbay.com
2012-05-11T15:16:30+00:00 DEBUG (7): [Zend] waldana@gmail.com <- noreply@fashbay.com
2012-05-11T15:16:30+00:00 DEBUG (7): [System] (notify_commented) waldana@gmail.com <- noreply@fashbay.com
2012-05-11T15:16:30+00:00 DEBUG (7): [Zend] salsabor_01@yahoo.com <- noreply@fashbay.com
2012-05-11T15:16:30+00:00 DEBUG (7): [System] (notify_liked_commented) salsabor_01@yahoo.com <- noreply@fashbay.com
2012-05-11T15:18:48+00:00 DEBUG (7): [Zend] waldana@gmail.com <- noreply@fashbay.com
2012-05-11T15:18:48+00:00 DEBUG (7): [System] (notify_commented) waldana@gmail.com <- noreply@fashbay.com
2012-05-11T15:18:48+00:00 DEBUG (7): [Zend] salsabor_01@yahoo.com <- noreply@fashbay.com
2012-05-11T15:18:48+00:00 DEBUG (7): [System] (notify_liked_commented) salsabor_01@yahoo.com <- noreply@fashbay.com
2012-05-11T15:18:48+00:00 DEBUG (7): [Zend] waldana@gmail.com <- noreply@fashbay.com
2012-05-11T15:18:48+00:00 DEBUG (7): [System] (notify_commented) waldana@gmail.com <- noreply@fashbay.com
2012-05-11T15:18:49+00:00 DEBUG (7): [Zend] salsabor_01@yahoo.com <- noreply@fashbay.com
2012-05-11T15:18:49+00:00 DEBUG (7): [System] (notify_liked_commented) salsabor_01@yahoo.com <- noreply@fashbay.com
2012-05-14T10:20:46+00:00 DEBUG (7): [Zend] waldana@gmail.com <- noreply@fashbay.com
2012-05-14T10:20:46+00:00 DEBUG (7): [System] (notify_commented) waldana@gmail.com <- noreply@fashbay.com
2012-05-14T10:20:46+00:00 DEBUG (7): [Zend] salsabor_01@yahoo.com <- noreply@fashbay.com
2012-05-14T10:20:46+00:00 DEBUG (7): [System] (notify_liked_commented) salsabor_01@yahoo.com <- noreply@fashbay.com
2012-05-14T12:53:52+00:00 DEBUG (7): [Zend] waldana@gmail.com <- noreply@fashbay.com
2012-05-14T12:53:52+00:00 DEBUG (7): [System] (notify_commented) waldana@gmail.com <- noreply@fashbay.com
2012-05-14T12:53:53+00:00 DEBUG (7): [Zend] salsabor_01@yahoo.com <- noreply@fashbay.com
2012-05-14T12:53:53+00:00 DEBUG (7): [System] (notify_liked_commented) salsabor_01@yahoo.com <- noreply@fashbay.com
2012-05-14T12:53:53+00:00 DEBUG (7): [Zend] waldana@gmail.com <- noreply@fashbay.com
2012-05-14T12:53:53+00:00 DEBUG (7): [System] (notify_commented) waldana@gmail.com <- noreply@fashbay.com
2012-05-14T12:53:53+00:00 DEBUG (7): [Zend] salsabor_01@yahoo.com <- noreply@fashbay.com
2012-05-14T12:53:53+00:00 DEBUG (7): [System] (notify_liked_commented) salsabor_01@yahoo.com <- noreply@fashbay.com
