2012-03-06T16:09:59+00:00 NOTICE (5): [8] Undefined property: Zend_Controller_Front::$baseUrl (/home/zapato/public_html/application/modules/Marketplace/Form/Create.php) [76]
Error Code: 3f9623
Stack trace:
#0 /home/zapato/public_html/application/modules/Marketplace/Form/Edit.php(37): Marketplace_Form_Create->init()
#1 /home/zapato/public_html/application/libraries/Zend/Form.php(235): Marketplace_Form_Edit->init()
#2 /home/zapato/public_html/application/libraries/Engine/Form.php(117): Zend_Form->__construct(Array)
#3 /home/zapato/public_html/application/modules/Marketplace/controllers/IndexController.php(950): Engine_Form->__construct(Array)
#4 /home/zapato/public_html/application/libraries/Zend/Controller/Action.php(513): Marketplace_IndexController->editAction()
#5 /home/zapato/public_html/application/libraries/Zend/Controller/Dispatcher/Standard.php(289): Zend_Controller_Action->dispatch('editAction')
#6 /home/zapato/public_html/application/libraries/Zend/Controller/Front.php(946): Zend_Controller_Dispatcher_Standard->dispatch(Zend_Controller_Request_Http, Zend_Controller_Response_Http)
#7 /home/zapato/public_html/application/modules/Core/Bootstrap.php(75): Zend_Controller_Front->dispatch()
#8 /home/zapato/public_html/application/libraries/Engine/Application.php(160): Core_Bootstrap->run()
#9 /home/zapato/public_html/application/index.php(194): Engine_Application->run()
#10 /home/zapato/public_html/index.php(24): include('/home/zapato/public_html/applica...')
#11 {main}

2012-03-06T16:09:59+00:00 CRIT (2): 
Error Code: 0aead1
exception 'Zend_Form_Element_Exception' with message 'Method removeAttrib does not exist' in /home/zapato/public_html/application/libraries/Zend/Form/Element.php:931
Stack trace:
#0 /home/zapato/public_html/application/modules/Marketplace/Form/Edit.php(41): Zend_Form_Element->__call('removeAttrib', Array)
#1 /home/zapato/public_html/application/modules/Marketplace/Form/Edit.php(41): Engine_Form_Element_Select->removeAttrib('onchange')
#2 /home/zapato/public_html/application/libraries/Zend/Form.php(235): Marketplace_Form_Edit->init()
#3 /home/zapato/public_html/application/libraries/Engine/Form.php(117): Zend_Form->__construct(Array)
#4 /home/zapato/public_html/application/modules/Marketplace/controllers/IndexController.php(950): Engine_Form->__construct(Array)
#5 /home/zapato/public_html/application/libraries/Zend/Controller/Action.php(513): Marketplace_IndexController->editAction()
#6 /home/zapato/public_html/application/libraries/Zend/Controller/Dispatcher/Standard.php(289): Zend_Controller_Action->dispatch('editAction')
#7 /home/zapato/public_html/application/libraries/Zend/Controller/Front.php(946): Zend_Controller_Dispatcher_Standard->dispatch(Object(Zend_Controller_Request_Http), Object(Zend_Controller_Response_Http))
#8 /home/zapato/public_html/application/modules/Core/Bootstrap.php(75): Zend_Controller_Front->dispatch()
#9 /home/zapato/public_html/application/libraries/Engine/Application.php(160): Core_Bootstrap->run()
#10 /home/zapato/public_html/application/index.php(194): Engine_Application->run()
#11 /home/zapato/public_html/index.php(24): include('/home/zapato/pu...')
#12 {main}
2012-03-06T16:13:21+00:00 NOTICE (5): [8] Undefined property: Zend_Controller_Front::$baseUrl (/home/zapato/public_html/application/modules/Marketplace/Form/Create.php) [76]
Error Code: c231d8
Stack trace:
#0 /home/zapato/public_html/application/modules/Marketplace/Form/Edit.php(37): Marketplace_Form_Create->init()
#1 /home/zapato/public_html/application/libraries/Zend/Form.php(235): Marketplace_Form_Edit->init()
#2 /home/zapato/public_html/application/libraries/Engine/Form.php(117): Zend_Form->__construct(Array)
#3 /home/zapato/public_html/application/modules/Marketplace/controllers/IndexController.php(950): Engine_Form->__construct(Array)
#4 /home/zapato/public_html/application/libraries/Zend/Controller/Action.php(513): Marketplace_IndexController->editAction()
#5 /home/zapato/public_html/application/libraries/Zend/Controller/Dispatcher/Standard.php(289): Zend_Controller_Action->dispatch('editAction')
#6 /home/zapato/public_html/application/libraries/Zend/Controller/Front.php(946): Zend_Controller_Dispatcher_Standard->dispatch(Zend_Controller_Request_Http, Zend_Controller_Response_Http)
#7 /home/zapato/public_html/application/modules/Core/Bootstrap.php(75): Zend_Controller_Front->dispatch()
#8 /home/zapato/public_html/application/libraries/Engine/Application.php(160): Core_Bootstrap->run()
#9 /home/zapato/public_html/application/index.php(194): Engine_Application->run()
#10 /home/zapato/public_html/index.php(24): include('/home/zapato/public_html/applica...')
#11 {main}

2012-03-06T16:13:21+00:00 CRIT (2): 
Error Code: cf77dd
exception 'Zend_Form_Element_Exception' with message 'Method removeAttrib does not exist' in /home/zapato/public_html/application/libraries/Zend/Form/Element.php:931
Stack trace:
#0 /home/zapato/public_html/application/modules/Marketplace/Form/Edit.php(41): Zend_Form_Element->__call('removeAttrib', Array)
#1 /home/zapato/public_html/application/modules/Marketplace/Form/Edit.php(41): Engine_Form_Element_Select->removeAttrib('onchange')
#2 /home/zapato/public_html/application/libraries/Zend/Form.php(235): Marketplace_Form_Edit->init()
#3 /home/zapato/public_html/application/libraries/Engine/Form.php(117): Zend_Form->__construct(Array)
#4 /home/zapato/public_html/application/modules/Marketplace/controllers/IndexController.php(950): Engine_Form->__construct(Array)
#5 /home/zapato/public_html/application/libraries/Zend/Controller/Action.php(513): Marketplace_IndexController->editAction()
#6 /home/zapato/public_html/application/libraries/Zend/Controller/Dispatcher/Standard.php(289): Zend_Controller_Action->dispatch('editAction')
#7 /home/zapato/public_html/application/libraries/Zend/Controller/Front.php(946): Zend_Controller_Dispatcher_Standard->dispatch(Object(Zend_Controller_Request_Http), Object(Zend_Controller_Response_Http))
#8 /home/zapato/public_html/application/modules/Core/Bootstrap.php(75): Zend_Controller_Front->dispatch()
#9 /home/zapato/public_html/application/libraries/Engine/Application.php(160): Core_Bootstrap->run()
#10 /home/zapato/public_html/application/index.php(194): Engine_Application->run()
#11 /home/zapato/public_html/index.php(24): include('/home/zapato/pu...')
#12 {main}
